Arguments: 
  D:\Programs\NodeJS\node.exe C:\Users\sasch\AppData\Roaming\npm\node_modules\yarn\bin\yarn.js init

PATH: 
  C:\ProgramData\DockerDesktop\version-bin;C:\Program Files\Docker\Docker\Resources\bin;C:\Program Files\NVIDIA GPU Computing Toolkit\CUDA\v10.1\bin;C:\Program Files\NVIDIA GPU Computing Toolkit\CUDA\v10.1\libnvvp;C:\Program Files\Vala for Windows\local\bin;C:\Program Files\Vala for Windows\bin;C:\Program Files (x86)\Intel\Intel(R) Management Engine Components\iCLS\;C:\Program Files\Intel\Intel(R) Management Engine Components\iCLS\;C:\Program Files\Microsoft MPI\Bin\;C:\Program Files (x86)\Common Files\Intel\Shared Libraries\redist\intel64\compiler;C:\Windows\system32;C:\Windows;C:\Windows\System32\Wbem;C:\Windows\System32\WindowsPowerShell\v1.0\;C:\Program Files\Intel\WiFi\bin\;C:\Program Files\Common Files\Intel\WirelessCommon\;C:\WINDOWS\system32;C:\WINDOWS;C:\WINDOWS\System32\Wbem;C:\WINDOWS\System32\WindowsPowerShell\v1.0\;C:\Users\Admin\.dnx\bin;C:\Program Files\Microsoft DNX\Dnvm\;C:\Program Files\Microsoft SQL Server\130\Tools\Binn\;C:\Program Files\dotnet\;C:\Program Files (x86)\GtkSharp\2.12\bin;C:\Program Files\Git\cmd;C:\Program Files\SlikSvn\bin;C:\Program Files (x86)\Windows Live\Shared;C:\Program Files\Java\jdk1.8.0_131\bin;C:\HaxeToolkit\haxe\;C:\HaxeToolkit\neko;C:\Program Files (x86)\Skype\Phone\;C:\Program Files (x86)\NVIDIA Corporation\PhysX\Common;C:\Program Files (x86)\GoLangua;D:\Programs\NodeJS;C:\Users\sasch\AppData\Roaming\npm;C:\ProgramData\chocolatey;C:\ProgramData\chocolatey\bin;C:\ProgramData\chocolatey\lib\maven\apache-maven-3.6.1\bin;C:\Go\bin;D:\VS2019\VC\Tools\MSVC\14.22.27812\bin\Hostx64\x64;C:\Program Files\qemu;C:\Users\sasch\AppData\Local\bin\NASM;C:\D\dmd2\windows\bin;C:\Program Files\NVIDIA Corporation\Nsight Compute 2019.4.0\;C:\Program Files\NVIDIA Corporation\NVIDIA NvDLISR;C:\Users\sasch\Miniconda3;C:\Users\sasch\Miniconda3\Library\mingw-w64\bin;C:\Users\sasch\Miniconda3\Library\usr\bin;C:\Users\sasch\Miniconda3\Library\bin;C:\Users\sasch\Miniconda3\Scripts;C:\Program Files (x86)\Intel\Intel(R) Management Engine Components\iCLS\;C:\Program Files\Intel\Intel(R) Management Engine Components\iCLS\;C:\Program Files\Microsoft MPI\Bin\;C:\Program Files (x86)\Common Files\Intel\Shared Libraries\redist\intel64\compiler;C:\Program Files\Oculus\Support\oculus-runtime;C:\Windows\system32;C:\Windows;C:\Windows\System32\Wbem;C:\Windows\System32\WindowsPowerShell\v1.0\;C:\Program Files\Intel\WiFi\bin\;C:\Program Files\Common Files\Intel\WirelessCommon\;C:\WINDOWS\system32;C:\WINDOWS;C:\WINDOWS\System32\Wbem;C:\WINDOWS\System32\WindowsPowerShell\v1.0\;C:\Users\Admin\.dnx\bin;C:\Program Files\Microsoft DNX\Dnvm\;C:\Program Files\Microsoft SQL Server\130\Tools\Binn\;C:\Program Files\dotnet\;C:\Program Files (x86)\GtkSharp\2.12\bin;C:\Program Files\Git\cmd;C:\Program Files\SlikSvn\bin;C:\Program Files (x86)\Windows Live\Shared;C:\Program Files\Java\jdk1.8.0_131\bin;C:\HaxeToolkit\haxe\;C:\HaxeToolkit\neko;C:\Program Files (x86)\Skype\Phone\;C:\Program Files (x86)\NVIDIA Corporati;C:\Users\sasch\AppData\Roaming\npm;C:\Users\sasch\AppData\Local\Programs\Microsoft VS Code Insiders\bin;C:\Users\sasch\AppData\Local\Microsoft\WindowsApps;C:\Users\sasch\.dotnet\tools;C:\Users\sasch\AppData\Local\hyper\app-3.0.1-canary4\resources\bin;C:\Program Files (x86)\Microsoft Visual Studio\2017\BuildTools\MSBuild\15.0\Bin;D:\Programs\ADB;D:\Programs\bin;

Yarn version: 
  1.16.0

Node version: 
  11.7.0

Platform: 
  win32 x64

Trace: 
  Error: canceled
      at Interface.<anonymous> (C:\Users\sasch\AppData\Roaming\npm\node_modules\yarn\lib\cli.js:125850:13)
      at Interface.emit (events.js:188:13)
      at Interface._ttyWrite (readline.js:799:16)
      at ReadStream.onkeypress (readline.js:184:10)
      at ReadStream.emit (events.js:188:13)
      at emitKeys (internal/readline.js:424:14)
      at emitKeys.next (<anonymous>)
      at ReadStream.onData (readline.js:1071:36)
      at ReadStream.emit (events.js:188:13)
      at addChunk (_stream_readable.js:288:12)

npm manifest: 
  No manifest

yarn manifest: 
  No manifest

Lockfile: 
  No lockfile
